2025-12-23 17:54:59 - ontology_review - INFO - 数据库表创建完成
2025-12-23 17:54:59 - ontology_review - INFO - 启动服务器...
2025-12-23 17:55:00 - ontology_review - INFO - 数据库表创建完成
2025-12-23 17:55:00 - ontology_review - INFO - 启动服务器...
2025-12-23 17:57:33 - ontology_review - INFO - 数据库表创建完成
2025-12-23 17:57:33 - ontology_review - INFO - 启动服务器...
2025-12-23 17:57:33 - ontology_review - INFO - 数据库表创建完成
2025-12-23 17:57:33 - ontology_review - INFO - 启动服务器...
2025-12-23 17:57:39 - ontology_review - INFO - 获取步骤类型列表
2025-12-23 17:57:39 - ontology_review - INFO - 获取文件列表，共 0 个文件
2025-12-23 17:57:39 - ontology_review - INFO - 获取步骤类型列表
2025-12-23 17:57:39 - ontology_review - INFO - 获取文件列表，共 0 个文件
2025-12-23 17:57:41 - ontology_review - INFO - 获取步骤类型列表
2025-12-23 17:57:41 - ontology_review - INFO - 获取文件列表，共 0 个文件
2025-12-23 17:57:41 - ontology_review - INFO - 获取步骤类型列表
2025-12-23 17:57:41 - ontology_review - INFO - 获取文件列表，共 0 个文件
2025-12-23 17:57:55 - ontology_review - INFO - 获取步骤类型列表
2025-12-23 17:57:55 - ontology_review - INFO - 获取文件列表，共 0 个文件
2025-12-23 17:57:55 - ontology_review - INFO - 获取步骤类型列表
2025-12-23 17:57:55 - ontology_review - INFO - 获取文件列表，共 0 个文件
2025-12-23 17:58:01 - ontology_review - INFO - 获取文件列表，共 0 个文件
2025-12-23 17:58:11 - ontology_review - INFO - 成功解析JSON文件: 原子意图-流程访谈-人工核对表.json
2025-12-23 17:58:11 - ontology_review - INFO - 文件上传成功: 原子意图-流程访谈-人工核对表.json, 共 60 条意图
2025-12-23 17:58:11 - ontology_review - INFO - 获取文件列表，共 1 个文件
2025-12-23 17:58:11 - ontology_review - INFO - 获取意图列表: file_id=1, page=1, per_page=10
2025-12-23 17:59:16 - ontology_review - INFO - 意图直接通过: 3
2025-12-23 17:59:16 - ontology_review - INFO - 获取文件列表，共 1 个文件
2025-12-23 17:59:16 - ontology_review - INFO - 获取意图列表: file_id=1, page=1, per_page=10
2025-12-23 18:00:49 - ontology_review - INFO - 获取步骤类型列表
2025-12-23 18:00:49 - ontology_review - INFO - 获取文件列表，共 1 个文件
2025-12-23 18:00:49 - ontology_review - INFO - 获取步骤类型列表
2025-12-23 18:00:49 - ontology_review - INFO - 获取文件列表，共 1 个文件
2025-12-23 18:00:53 - ontology_review - INFO - 获取步骤类型列表
2025-12-23 18:00:53 - ontology_review - INFO - 获取文件列表，共 1 个文件
2025-12-23 18:00:53 - ontology_review - INFO - 获取步骤类型列表
2025-12-23 18:00:53 - ontology_review - INFO - 获取文件列表，共 1 个文件
2025-12-23 18:01:09 - ontology_review - INFO - 获取步骤类型列表
2025-12-23 18:01:09 - ontology_review - INFO - 获取文件列表，共 1 个文件
2025-12-23 18:01:09 - ontology_review - INFO - 获取步骤类型列表
2025-12-23 18:01:09 - ontology_review - INFO - 获取文件列表，共 1 个文件
2025-12-23 18:01:11 - ontology_review - INFO - 获取步骤类型列表
2025-12-23 18:01:11 - ontology_review - INFO - 获取文件列表，共 1 个文件
2025-12-23 18:01:11 - ontology_review - INFO - 获取步骤类型列表
2025-12-23 18:01:11 - ontology_review - INFO - 获取文件列表，共 1 个文件
2025-12-23 18:01:43 - ontology_review - INFO - 成功解析JSON文件: 原子意图-流程访谈-人工核对表.json
2025-12-23 18:01:43 - ontology_review - INFO - 文件上传成功: 原子意图-流程访谈-人工核对表.json, 共 60 条意图
2025-12-23 18:01:43 - ontology_review - INFO - 获取文件列表，共 2 个文件
2025-12-23 18:01:43 - ontology_review - INFO - 获取意图列表: file_id=2, page=1, per_page=10
2025-12-23 18:01:54 - ontology_review - INFO - 意图直接通过: 61
2025-12-23 18:01:54 - ontology_review - INFO - 获取文件列表，共 2 个文件
2025-12-23 18:01:54 - ontology_review - INFO - 获取意图列表: file_id=2, page=1, per_page=10
2025-12-23 18:02:30 - ontology_review - INFO - 意图核对成功: 62, judgement=需修改
2025-12-23 18:02:30 - ontology_review - INFO - 获取文件列表，共 2 个文件
2025-12-23 18:02:30 - ontology_review - INFO - 获取意图列表: file_id=2, page=1, per_page=10
2025-12-23 18:02:46 - ontology_review - INFO - 获取意图列表: file_id=1, page=1, per_page=10
2025-12-23 18:02:47 - ontology_review - INFO - 获取意图列表: file_id=2, page=1, per_page=10
2025-12-23 18:05:10 - ontology_review - INFO - 数据库表创建完成
2025-12-23 18:05:10 - ontology_review - INFO - 启动服务器...
2025-12-23 18:05:27 - ontology_review - INFO - 数据库表创建完成
2025-12-23 18:05:27 - ontology_review - INFO - 启动服务器...
2025-12-23 18:05:45 - ontology_review - INFO - 获取步骤类型列表
2025-12-23 18:05:45 - ontology_review - INFO - 获取步骤类型列表
2025-12-23 18:05:45 - ontology_review - INFO - 获取文件列表，共 2 个文件
2025-12-23 18:05:45 - ontology_review - INFO - 获取文件列表，共 2 个文件
2025-12-23 18:05:45 - ontology_review - INFO - 获取意图列表: file_id=2, page=1, per_page=10
2025-12-23 18:05:52 - ontology_review - INFO - 获取步骤类型列表
2025-12-23 18:05:52 - ontology_review - INFO - 获取文件列表，共 2 个文件
2025-12-23 18:05:52 - ontology_review - INFO - 获取步骤类型列表
2025-12-23 18:05:52 - ontology_review - INFO - 获取文件列表，共 2 个文件
2025-12-23 18:05:52 - ontology_review - INFO - 获取意图列表: file_id=2, page=1, per_page=10
2025-12-23 18:05:59 - ontology_review - INFO - 获取步骤类型列表
2025-12-23 18:05:59 - ontology_review - INFO - 获取文件列表，共 2 个文件
2025-12-23 18:05:59 - ontology_review - INFO - 获取步骤类型列表
2025-12-23 18:05:59 - ontology_review - INFO - 获取文件列表，共 2 个文件
2025-12-23 18:05:59 - ontology_review - INFO - 获取意图列表: file_id=2, page=1, per_page=10
2025-12-23 18:07:32 - ontology_review - INFO - 数据库表创建完成
2025-12-23 18:07:32 - ontology_review - INFO - 启动服务器...
2025-12-23 18:07:50 - ontology_review - INFO - 数据库表创建完成
2025-12-23 18:07:50 - ontology_review - INFO - 启动服务器...
2025-12-23 18:07:51 - ontology_review - INFO - 数据库表创建完成
2025-12-23 18:07:51 - ontology_review - INFO - 启动服务器...
2025-12-23 18:08:09 - ontology_review - INFO - 数据库表创建完成
2025-12-23 18:08:09 - ontology_review - INFO - 启动服务器...
2025-12-23 18:08:28 - ontology_review - INFO - 获取步骤类型列表
2025-12-23 18:08:28 - ontology_review - INFO - 获取步骤类型列表
2025-12-23 18:08:28 - ontology_review - INFO - 获取文件列表，共 2 个文件
2025-12-23 18:08:28 - ontology_review - INFO - 获取文件列表，共 2 个文件
2025-12-23 18:08:31 - ontology_review - INFO - 删除文件成功: 原子意图-流程访谈-人工核对表.json
2025-12-23 18:08:31 - ontology_review - INFO - 获取文件列表，共 1 个文件
2025-12-23 18:08:33 - ontology_review - INFO - 删除文件成功: 原子意图-流程访谈-人工核对表.json
2025-12-23 18:08:33 - ontology_review - INFO - 获取文件列表，共 0 个文件
2025-12-23 18:08:52 - ontology_review - INFO - 成功解析JSON文件: 原子意图-流程访谈-人工核对表.json
2025-12-23 18:08:52 - ontology_review - INFO - 文件上传成功: 原子意图-流程访谈-人工核对表.json, 共 60 条意图
2025-12-23 18:08:52 - ontology_review - INFO - 获取文件列表，共 1 个文件
2025-12-23 18:08:52 - ontology_review - INFO - 获取意图列表: file_id=1, page=1, per_page=10
2025-12-23 18:09:12 - ontology_review - INFO - 意图核对成功: 1, judgement=需修改
2025-12-23 18:09:12 - ontology_review - INFO - 获取文件列表，共 1 个文件
2025-12-23 18:09:12 - ontology_review - INFO - 获取意图列表: file_id=1, page=1, per_page=10
2025-12-23 18:09:38 - ontology_review - INFO - 意图直接通过: 2
2025-12-23 18:09:38 - ontology_review - INFO - 获取文件列表，共 1 个文件
2025-12-23 18:09:38 - ontology_review - INFO - 获取意图列表: file_id=1, page=1, per_page=10
2025-12-23 18:09:39 - ontology_review - INFO - 意图直接通过: 3
2025-12-23 18:09:39 - ontology_review - INFO - 获取文件列表，共 1 个文件
2025-12-23 18:09:39 - ontology_review - INFO - 获取意图列表: file_id=1, page=1, per_page=10
2025-12-23 18:09:43 - ontology_review - INFO - 意图直接通过: 4
2025-12-23 18:09:43 - ontology_review - INFO - 获取文件列表，共 1 个文件
2025-12-23 18:09:43 - ontology_review - INFO - 获取意图列表: file_id=1, page=1, per_page=10
2025-12-23 18:09:56 - ontology_review - INFO - 导出CSV文件: 1
2025-12-23 18:11:08 - ontology_review - INFO - 导出CSV文件: 1
2025-12-23 18:11:22 - ontology_review - INFO - 导出CSV文件: 1
2025-12-23 18:11:25 - ontology_review - INFO - 导出JSON文件: 1
2025-12-23 18:28:52 - ontology_review - INFO - 获取步骤类型列表
2025-12-23 18:28:52 - ontology_review - INFO - 获取文件列表，共 1 个文件
2025-12-23 18:28:52 - ontology_review - INFO - 获取步骤类型列表
2025-12-23 18:28:52 - ontology_review - INFO - 获取文件列表，共 1 个文件
2025-12-23 18:29:42 - ontology_review - INFO - 获取步骤类型列表
2025-12-23 18:29:42 - ontology_review - INFO - 获取文件列表，共 1 个文件
2025-12-23 18:29:42 - ontology_review - INFO - 获取步骤类型列表
2025-12-23 18:29:42 - ontology_review - INFO - 获取文件列表，共 1 个文件
2025-12-23 18:29:49 - ontology_review - INFO - 删除文件成功: 原子意图-流程访谈-人工核对表.json
2025-12-23 18:29:49 - ontology_review - INFO - 获取文件列表，共 0 个文件
2025-12-23 18:29:53 - ontology_review - INFO - 成功解析JSON文件: 原子意图-流程访谈-人工核对表.json
2025-12-23 18:29:53 - ontology_review - INFO - 文件上传成功: 原子意图-流程访谈-人工核对表.json, 共 60 条意图
2025-12-23 18:29:53 - ontology_review - INFO - 获取文件列表，共 1 个文件
2025-12-23 18:29:53 - ontology_review - INFO - 获取意图列表: file_id=1, page=1, per_page=10
2025-12-23 18:31:00 - ontology_review - INFO - 意图核对成功: 1, judgement=需修改
2025-12-23 18:31:00 - ontology_review - INFO - 获取文件列表，共 1 个文件
2025-12-23 18:31:00 - ontology_review - INFO - 获取意图列表: file_id=1, page=1, per_page=10
2025-12-23 18:31:00 - ontology_review - INFO - 获取意图列表: file_id=1, page=1, per_page=10
2025-12-23 18:31:19 - ontology_review - INFO - 导出JSON文件: 1
2025-12-23 18:31:24 - ontology_review - INFO - 导出CSV文件: 1
2025-12-23 18:32:33 - ontology_review - INFO - 数据库表创建完成
2025-12-23 18:32:33 - ontology_review - INFO - 启动服务器...
2025-12-23 18:32:33 - ontology_review - INFO - 导出CSV文件: 1
2025-12-23 18:32:42 - ontology_review - INFO - 数据库表创建完成
2025-12-23 18:32:42 - ontology_review - INFO - 启动服务器...
2025-12-23 18:32:43 - ontology_review - INFO - 导出CSV文件: 1
2025-12-23 18:32:48 - ontology_review - INFO - 导出CSV文件: 1
2025-12-23 18:32:49 - ontology_review - INFO - 数据库表创建完成
2025-12-23 18:32:49 - ontology_review - INFO - 启动服务器...
2025-12-23 18:33:05 - ontology_review - INFO - 数据库表创建完成
2025-12-23 18:33:05 - ontology_review - INFO - 启动服务器...
2025-12-23 18:33:13 - ontology_review - INFO - 数据库表创建完成
2025-12-23 18:33:13 - ontology_review - INFO - 启动服务器...
2025-12-23 18:33:18 - ontology_review - INFO - 导出CSV文件: 1
2025-12-23 18:33:20 - ontology_review - INFO - 数据库表创建完成
2025-12-23 18:33:20 - ontology_review - INFO - 启动服务器...
2025-12-23 18:33:36 - ontology_review - INFO - 数据库表创建完成
2025-12-23 18:33:36 - ontology_review - INFO - 启动服务器...
2025-12-23 18:34:02 - ontology_review - INFO - 获取步骤类型列表
2025-12-23 18:34:02 - ontology_review - INFO - 获取文件列表，共 1 个文件
2025-12-23 18:34:02 - ontology_review - INFO - 获取步骤类型列表
2025-12-23 18:34:02 - ontology_review - INFO - 获取文件列表，共 1 个文件
2025-12-23 18:34:46 - ontology_review - INFO - 获取步骤类型列表
2025-12-23 18:34:46 - ontology_review - INFO - 获取文件列表，共 1 个文件
2025-12-23 18:34:46 - ontology_review - INFO - 获取步骤类型列表
2025-12-23 18:34:46 - ontology_review - INFO - 获取文件列表，共 1 个文件
2025-12-23 18:34:48 - ontology_review - INFO - 获取步骤类型列表
2025-12-23 18:34:48 - ontology_review - INFO - 获取文件列表，共 1 个文件
2025-12-23 18:34:48 - ontology_review - INFO - 获取步骤类型列表
2025-12-23 18:34:48 - ontology_review - INFO - 获取文件列表，共 1 个文件
2025-12-23 18:34:53 - ontology_review - INFO - 成功解析JSON文件: 原子意图-流程访谈-人工核对表.json
2025-12-23 18:34:53 - ontology_review - INFO - 文件上传成功: 原子意图-流程访谈-人工核对表.json, 共 60 条意图
2025-12-23 18:34:53 - ontology_review - INFO - 获取文件列表，共 2 个文件
2025-12-23 18:34:53 - ontology_review - INFO - 获取意图列表: file_id=2, page=1, per_page=10
2025-12-23 18:34:56 - ontology_review - INFO - 意图直接通过: 61
2025-12-23 18:34:56 - ontology_review - INFO - 获取意图列表: file_id=2, page=1, per_page=10
2025-12-23 18:34:56 - ontology_review - INFO - 获取文件列表，共 2 个文件
2025-12-23 18:34:56 - ontology_review - INFO - 获取意图列表: file_id=2, page=1, per_page=10
2025-12-23 18:35:28 - ontology_review - INFO - 意图核对成功: 62, judgement=需修改
2025-12-23 18:35:28 - ontology_review - INFO - 获取文件列表，共 2 个文件
2025-12-23 18:35:28 - ontology_review - INFO - 获取意图列表: file_id=2, page=1, per_page=10
2025-12-23 18:35:28 - ontology_review - INFO - 获取意图列表: file_id=2, page=1, per_page=10
2025-12-23 18:35:30 - ontology_review - INFO - 导出CSV文件: 2
2025-12-23 18:36:24 - ontology_review - INFO - 意图核对成功: 63, judgement=通过
2025-12-23 18:36:24 - ontology_review - INFO - 获取文件列表，共 2 个文件
2025-12-23 18:36:24 - ontology_review - INFO - 获取意图列表: file_id=2, page=1, per_page=10
2025-12-23 18:36:24 - ontology_review - INFO - 获取意图列表: file_id=2, page=1, per_page=10
2025-12-23 18:36:34 - ontology_review - INFO - 意图核对成功: 64, judgement=待定
2025-12-23 18:36:34 - ontology_review - INFO - 获取意图列表: file_id=2, page=1, per_page=10
2025-12-23 18:36:34 - ontology_review - INFO - 获取文件列表，共 2 个文件
2025-12-23 18:36:34 - ontology_review - INFO - 获取意图列表: file_id=2, page=1, per_page=10
2025-12-23 18:37:34 - ontology_review - INFO - 意图直接通过: 65
2025-12-23 18:37:34 - ontology_review - INFO - 获取意图列表: file_id=2, page=1, per_page=10
2025-12-23 18:37:34 - ontology_review - INFO - 获取文件列表，共 2 个文件
2025-12-23 18:37:34 - ontology_review - INFO - 获取意图列表: file_id=2, page=1, per_page=10
2025-12-23 18:38:08 - ontology_review - INFO - 获取步骤类型列表
2025-12-23 18:38:08 - ontology_review - INFO - 获取文件列表，共 2 个文件
2025-12-23 18:38:14 - ontology_review - INFO - 获取步骤类型列表
2025-12-23 18:38:14 - ontology_review - INFO - 获取文件列表，共 2 个文件
2025-12-23 18:38:30 - ontology_review - INFO - 获取步骤类型列表
2025-12-23 18:38:30 - ontology_review - INFO - 获取文件列表，共 2 个文件
2025-12-23 18:38:30 - ontology_review - INFO - 获取步骤类型列表
2025-12-23 18:38:30 - ontology_review - INFO - 获取文件列表，共 2 个文件
2025-12-23 18:38:32 - ontology_review - INFO - 获取意图列表: file_id=2, page=1, per_page=10
2025-12-23 18:38:50 - ontology_review - INFO - 获取意图列表: file_id=1, page=1, per_page=10
2025-12-23 18:40:17 - ontology_review - INFO - 获取步骤类型列表
2025-12-23 18:40:17 - ontology_review - INFO - 获取文件列表，共 2 个文件
2025-12-23 18:40:17 - ontology_review - INFO - 获取步骤类型列表
2025-12-23 18:40:17 - ontology_review - INFO - 获取文件列表，共 2 个文件
2025-12-23 18:40:19 - ontology_review - INFO - 获取意图列表: file_id=2, page=1, per_page=10
2025-12-23 18:45:56 - ontology_review - INFO - 意图核对成功: 61, judgement=需修改
2025-12-23 18:45:56 - ontology_review - INFO - 获取文件列表，共 2 个文件
2025-12-23 18:45:56 - ontology_review - INFO - 获取意图列表: file_id=2, page=1, per_page=10
2025-12-23 18:45:56 - ontology_review - INFO - 获取意图列表: file_id=2, page=1, per_page=10
2025-12-23 18:46:45 - ontology_review - INFO - 获取步骤类型列表
2025-12-23 18:46:45 - ontology_review - INFO - 获取文件列表，共 2 个文件
2025-12-23 18:46:45 - ontology_review - INFO - 获取步骤类型列表
2025-12-23 18:46:45 - ontology_review - INFO - 获取步骤类型列表
2025-12-23 18:46:45 - ontology_review - INFO - 获取文件列表，共 2 个文件
2025-12-23 18:46:45 - ontology_review - INFO - 获取文件列表，共 2 个文件
2025-12-23 18:46:45 - ontology_review - INFO - 获取意图列表: file_id=1, page=1, per_page=10
2025-12-23 18:46:45 - ontology_review - INFO - 获取意图列表: file_id=2, page=1, per_page=10
2025-12-23 18:46:45 - ontology_review - INFO - 获取意图列表: file_id=2, page=1, per_page=10
2025-12-23 18:46:45 - ontology_review - INFO - 获取意图列表: file_id=1, page=1, per_page=10
2025-12-23 18:46:50 - ontology_review - INFO - 获取步骤类型列表
2025-12-23 18:46:50 - ontology_review - INFO - 获取文件列表，共 2 个文件
2025-12-23 18:46:50 - ontology_review - INFO - 获取步骤类型列表
2025-12-23 18:46:50 - ontology_review - INFO - 获取步骤类型列表
2025-12-23 18:46:50 - ontology_review - INFO - 获取文件列表，共 2 个文件
2025-12-23 18:46:50 - ontology_review - INFO - 获取文件列表，共 2 个文件
2025-12-23 18:46:50 - ontology_review - INFO - 获取意图列表: file_id=1, page=1, per_page=10
2025-12-23 18:46:50 - ontology_review - INFO - 获取意图列表: file_id=2, page=1, per_page=10
2025-12-23 18:46:50 - ontology_review - INFO - 获取意图列表: file_id=2, page=1, per_page=10
2025-12-23 18:46:50 - ontology_review - INFO - 获取意图列表: file_id=1, page=1, per_page=10
2025-12-23 18:46:59 - ontology_review - INFO - 获取步骤类型列表
2025-12-23 18:46:59 - ontology_review - INFO - 获取文件列表，共 2 个文件
2025-12-23 18:46:59 - ontology_review - INFO - 获取步骤类型列表
2025-12-23 18:46:59 - ontology_review - INFO - 获取文件列表，共 2 个文件
2025-12-23 18:47:00 - ontology_review - INFO - 获取意图列表: file_id=2, page=1, per_page=10
2025-12-23 18:47:08 - ontology_review - INFO - 获取意图列表: file_id=1, page=1, per_page=10
2025-12-23 18:47:09 - ontology_review - INFO - 获取意图列表: file_id=2, page=1, per_page=10
2025-12-23 18:47:12 - ontology_review - INFO - 意图直接通过: 68
2025-12-23 18:47:12 - ontology_review - INFO - 获取文件列表，共 2 个文件
2025-12-23 18:47:12 - ontology_review - INFO - 获取意图列表: file_id=2, page=1, per_page=10
2025-12-23 18:47:12 - ontology_review - INFO - 获取意图列表: file_id=2, page=1, per_page=10
2025-12-28 11:16:06 - ontology_review - INFO - 数据库表创建完成
2025-12-28 11:16:06 - ontology_review - INFO - 启动服务器...
2025-12-28 11:16:06 - ontology_review - INFO - 数据库表创建完成
2025-12-28 11:16:06 - ontology_review - INFO - 启动服务器...
2025-12-28 11:16:16 - ontology_review - INFO - 获取步骤类型列表
2025-12-28 11:16:16 - ontology_review - INFO - 获取文件列表，共 2 个文件
2025-12-28 11:16:16 - ontology_review - INFO - 获取步骤类型列表
2025-12-28 11:16:16 - ontology_review - INFO - 获取文件列表，共 2 个文件
2025-12-28 11:16:22 - ontology_review - INFO - 获取意图列表: file_id=2, page=1, per_page=10
2025-12-28 11:16:34 - ontology_review - INFO - 获取文件列表，共 2 个文件
2025-12-28 11:16:35 - ontology_review - INFO - 获取意图列表: file_id=2, page=1, per_page=10
2025-12-28 11:17:02 - ontology_review - INFO - 意图直接通过: 69
2025-12-28 11:17:02 - ontology_review - INFO - 获取意图列表: file_id=2, page=1, per_page=10
2025-12-28 11:17:02 - ontology_review - INFO - 获取文件列表，共 2 个文件
2025-12-28 11:17:02 - ontology_review - INFO - 获取意图列表: file_id=2, page=1, per_page=10
2025-12-28 12:08:11 - ontology_review - INFO - 数据库表创建完成
2025-12-28 12:08:11 - ontology_review - INFO - 启动服务器...
2025-12-28 12:08:19 - ontology_review - INFO - 数据库表创建完成
2025-12-28 12:08:19 - ontology_review - INFO - 启动服务器...
2025-12-28 12:09:40 - ontology_review - INFO - 数据库表创建完成
2025-12-28 12:09:40 - ontology_review - INFO - 启动服务器...
2025-12-28 12:10:02 - ontology_review - INFO - 数据库表创建完成
2025-12-28 12:10:02 - ontology_review - INFO - 启动服务器...
2025-12-28 12:11:08 - ontology_review - INFO - 数据库表创建完成
2025-12-28 12:11:08 - ontology_review - INFO - 启动服务器...
2025-12-28 12:11:37 - ontology_review - INFO - 数据库表创建完成
2025-12-28 12:11:37 - ontology_review - INFO - 启动服务器...
2025-12-28 14:55:04 - ontology_review - INFO - 数据库表创建完成
2025-12-28 14:55:04 - ontology_review - INFO - 启动服务器...
2025-12-28 14:55:12 - ontology_review - INFO - 数据库表创建完成
2025-12-28 14:55:12 - ontology_review - INFO - 启动服务器...
2025-12-28 14:55:44 - ontology_review - INFO - 数据库表创建完成
2025-12-28 14:55:44 - ontology_review - INFO - 启动服务器...
2025-12-28 15:13:26 - ontology_review - INFO - 获取步骤类型列表
2025-12-28 15:13:26 - ontology_review - INFO - 获取文件列表，共 2 个文件
2025-12-28 15:13:26 - ontology_review - INFO - 获取意图列表: file_id=2, page=1, per_page=10
2025-12-28 15:13:26 - ontology_review - INFO - 获取意图列表: file_id=2, page=1, per_page=10
2025-12-28 15:14:20 - ontology_review - INFO - 数据库表创建完成
2025-12-28 15:14:20 - ontology_review - INFO - 启动服务器... 端口: 5001
2025-12-28 15:31:11 - ontology_review - INFO - 数据库表创建完成
2025-12-28 15:31:11 - ontology_review - INFO - 启动服务器... 端口: 5001
2025-12-28 16:42:23 - ontology_review - INFO - 数据库表创建完成
2025-12-28 16:42:23 - ontology_review - INFO - 启动服务器... 端口: 5001
2025-12-28 16:42:32 - ontology_review - INFO - 数据库表创建完成
2025-12-28 16:42:32 - ontology_review - INFO - 启动服务器... 端口: 5001
